0 info it worked if it ends with ok
1 verbose cli [ 'C:\\Program Files\\nodejs\\node.exe',
1 verbose cli   'C:\\Users\\twilkis\\AppData\\Roaming\\npm\\node_modules\\npm\\bin\\npm-cli.js',
1 verbose cli   'start' ]
2 info using npm@4.0.5
3 info using node@v7.7.2
4 verbose run-script [ 'prestart', 'start', 'poststart' ]
5 info lifecycle WebSocket@1.0.0~prestart: WebSocket@1.0.0
6 silly lifecycle WebSocket@1.0.0~prestart: no script for prestart, continuing
7 info lifecycle WebSocket@1.0.0~start: WebSocket@1.0.0
8 verbose lifecycle WebSocket@1.0.0~start: unsafe-perm in lifecycle true
9 verbose lifecycle WebSocket@1.0.0~start: PATH: C:\Users\twilkis\AppData\Roaming\npm\node_modules\npm\bin\node-gyp-bin;F:\projects\ChatApp\node_modules\.bin;C:\Users\twilkis\bin;C:\Program Files\Git\mingw64\bin;C:\Program Files\Git\usr\local\bin;C:\Program Files\Git\usr\bin;C:\Program Files\Git\usr\bin;C:\Program Files\Git\mingw64\bin;C:\Program Files\Git\usr\bin;C:\Users\twilkis\bin;C:\ProgramData\Oracle\Java\javapath;C:\WINDOWS\system32;C:\WINDOWS;C:\WINDOWS\System32\Wbem;C:\WINDOWS\System32\WindowsPowerShell\v1.0;C:\Program Files (x86)\NVIDIA Corporation\PhysX\Common;C:\WINDOWS\system32;C:\WINDOWS;C:\WINDOWS\System32\Wbem;C:\WINDOWS\System32\WindowsPowerShell\v1.0;C:\Program Files\Git\cmd;C:\Ruby23-x64\bin;C:\Program Files (x86)\Heroku\bin;C:\Program Files (x86)\git\cmd;C:\Program Files (x86)\Git\cmd;C:\Users\twilkis\AppData\Roaming\npm;C:\Program Files\Microsoft SQL Server\130\Tools\Binn;C:\Users\twilkis\.dnx\bin;C:\Program Files\Microsoft DNX\Dnvm;C:\Program Files (x86)\Microsoft Emulator Manager\1.0;C:\Program Files\nodejs;C:\Users\twilkis\AppData\Local\atom\bin;C:\Users\twilkis\AppData\Local\Microsoft\WindowsApps;C:\Program Files\Git\usr\bin\vendor_perl;C:\Program Files\Git\usr\bin\core_perl
10 verbose lifecycle WebSocket@1.0.0~start: CWD: F:\projects\ChatApp
11 silly lifecycle WebSocket@1.0.0~start: Args: [ '/d /s /c', 'node ./public/app.js' ]
12 silly lifecycle WebSocket@1.0.0~start: Returned: code: 1  signal: null
13 info lifecycle WebSocket@1.0.0~start: Failed to exec start script
14 verbose stack Error: WebSocket@1.0.0 start: `node ./public/app.js`
14 verbose stack Exit status 1
14 verbose stack     at EventEmitter.<anonymous> (C:\Users\twilkis\AppData\Roaming\npm\node_modules\npm\lib\utils\lifecycle.js:279:16)
14 verbose stack     at emitTwo (events.js:106:13)
14 verbose stack     at EventEmitter.emit (events.js:194:7)
14 verbose stack     at ChildProcess.<anonymous> (C:\Users\twilkis\AppData\Roaming\npm\node_modules\npm\lib\utils\spawn.js:40:14)
14 verbose stack     at emitTwo (events.js:106:13)
14 verbose stack     at ChildProcess.emit (events.js:194:7)
14 verbose stack     at maybeClose (internal/child_process.js:899:16)
14 verbose stack     at Process.ChildProcess._handle.onexit (internal/child_process.js:226:5)
15 verbose pkgid WebSocket@1.0.0
16 verbose cwd F:\projects\ChatApp
17 error Windows_NT 10.0.14393
18 error argv "C:\\Program Files\\nodejs\\node.exe" "C:\\Users\\twilkis\\AppData\\Roaming\\npm\\node_modules\\npm\\bin\\npm-cli.js" "start"
19 error node v7.7.2
20 error npm  v4.0.5
21 error code ELIFECYCLE
22 error WebSocket@1.0.0 start: `node ./public/app.js`
22 error Exit status 1
23 error Failed at the WebSocket@1.0.0 start script 'node ./public/app.js'.
23 error Make sure you have the latest version of node.js and npm installed.
23 error If you do, this is most likely a problem with the WebSocket package,
23 error not with npm itself.
23 error Tell the author that this fails on your system:
23 error     node ./public/app.js
23 error You can get information on how to open an issue for this project with:
23 error     npm bugs WebSocket
23 error Or if that isn't available, you can get their info via:
23 error     npm owner ls WebSocket
23 error There is likely additional logging output above.
24 verbose exit [ 1, true ]
